{"/home/abdullah/automated-testing-pipeline/app.js": {"path":"/home/abdullah/automated-testing-pipeline/app.js","statementMap":{"0":{"start":{"line":1,"column":16},"end":{"line":1,"column":34}},"1":{"start":{"line":2,"column":12},"end":{"line":2,"column":21}},"2":{"start":{"line":3,"column":13},"end":{"line":3,"column":17}},"3":{"start":{"line":5,"column":0},"end":{"line":5,"column":24}},"4":{"start":{"line":8,"column":12},"end":{"line":11,"column":1}},"5":{"start":{"line":13,"column":15},"end":{"line":16,"column":1}},"6":{"start":{"line":19,"column":0},"end":{"line":21,"column":3}},"7":{"start":{"line":20,"column":2},"end":{"line":20,"column":52}},"8":{"start":{"line":24,"column":0},"end":{"line":26,"column":3}},"9":{"start":{"line":25,"column":2},"end":{"line":25,"column":18}},"10":{"start":{"line":28,"column":0},"end":{"line":34,"column":3}},"11":{"start":{"line":29,"column":15},"end":{"line":29,"column":64}},"12":{"start":{"line":29,"column":31},"end":{"line":29,"column":63}},"13":{"start":{"line":30,"column":2},"end":{"line":32,"column":3}},"14":{"start":{"line":31,"column":4},"end":{"line":31,"column":61}},"15":{"start":{"line":33,"column":2},"end":{"line":33,"column":17}},"16":{"start":{"line":36,"column":0},"end":{"line":51,"column":3}},"17":{"start":{"line":37,"column":26},"end":{"line":37,"column":34}},"18":{"start":{"line":39,"column":2},"end":{"line":41,"column":3}},"19":{"start":{"line":40,"column":4},"end":{"line":40,"column":74}},"20":{"start":{"line":43,"column":18},"end":{"line":47,"column":3}},"21":{"start":{"line":49,"column":2},"end":{"line":49,"column":22}},"22":{"start":{"line":50,"column":2},"end":{"line":50,"column":32}},"23":{"start":{"line":54,"column":0},"end":{"line":63,"column":3}},"24":{"start":{"line":55,"column":22},"end":{"line":55,"column":31}},"25":{"start":{"line":57,"column":2},"end":{"line":60,"column":3}},"26":{"start":{"line":58,"column":21},"end":{"line":58,"column":77}},"27":{"start":{"line":58,"column":42},"end":{"line":58,"column":76}},"28":{"start":{"line":59,"column":4},"end":{"line":59,"column":30}},"29":{"start":{"line":62,"column":2},"end":{"line":62,"column":21}},"30":{"start":{"line":65,"column":0},"end":{"line":71,"column":3}},"31":{"start":{"line":66,"column":18},"end":{"line":66,"column":70}},"32":{"start":{"line":66,"column":37},"end":{"line":66,"column":69}},"33":{"start":{"line":67,"column":2},"end":{"line":69,"column":3}},"34":{"start":{"line":68,"column":4},"end":{"line":68,"column":64}},"35":{"start":{"line":70,"column":2},"end":{"line":70,"column":20}},"36":{"start":{"line":74,"column":0},"end":{"line":77,"column":3}},"37":{"start":{"line":75,"column":2},"end":{"line":75,"column":27}},"38":{"start":{"line":76,"column":2},"end":{"line":76,"column":59}},"39":{"start":{"line":80,"column":0},"end":{"line":82,"column":3}},"40":{"start":{"line":81,"column":2},"end":{"line":81,"column":53}},"41":{"start":{"line":84,"column":0},"end":{"line":88,"column":1}},"42":{"start":{"line":85,"column":2},"end":{"line":87,"column":5}},"43":{"start":{"line":86,"column":4},"end":{"line":86,"column":50}},"44":{"start":{"line":90,"column":0},"end":{"line":90,"column":21}}},"fnMap":{"0":{"name":"(anonymous_0)","decl":{"start":{"line":19,"column":19},"end":{"line":19,"column":20}},"loc":{"start":{"line":19,"column":33},"end":{"line":21,"column":1}},"line":19},"1":{"name":"(anonymous_1)","decl":{"start":{"line":24,"column":18},"end":{"line":24,"column":19}},"loc":{"start":{"line":24,"column":32},"end":{"line":26,"column":1}},"line":24},"2":{"name":"(anonymous_2)","decl":{"start":{"line":28,"column":22},"end":{"line":28,"column":23}},"loc":{"start":{"line":28,"column":36},"end":{"line":34,"column":1}},"line":28},"3":{"name":"(anonymous_3)","decl":{"start":{"line":29,"column":26},"end":{"line":29,"column":27}},"loc":{"start":{"line":29,"column":31},"end":{"line":29,"column":63}},"line":29},"4":{"name":"(anonymous_4)","decl":{"start":{"line":36,"column":19},"end":{"line":36,"column":20}},"loc":{"start":{"line":36,"column":33},"end":{"line":51,"column":1}},"line":36},"5":{"name":"(anonymous_5)","decl":{"start":{"line":54,"column":21},"end":{"line":54,"column":22}},"loc":{"start":{"line":54,"column":35},"end":{"line":63,"column":1}},"line":54},"6":{"name":"(anonymous_6)","decl":{"start":{"line":58,"column":37},"end":{"line":58,"column":38}},"loc":{"start":{"line":58,"column":42},"end":{"line":58,"column":76}},"line":58},"7":{"name":"(anonymous_7)","decl":{"start":{"line":65,"column":25},"end":{"line":65,"column":26}},"loc":{"start":{"line":65,"column":39},"end":{"line":71,"column":1}},"line":65},"8":{"name":"(anonymous_8)","decl":{"start":{"line":66,"column":32},"end":{"line":66,"column":33}},"loc":{"start":{"line":66,"column":37},"end":{"line":66,"column":69}},"line":66},"9":{"name":"(anonymous_9)","decl":{"start":{"line":74,"column":8},"end":{"line":74,"column":9}},"loc":{"start":{"line":74,"column":33},"end":{"line":77,"column":1}},"line":74},"10":{"name":"(anonymous_10)","decl":{"start":{"line":80,"column":8},"end":{"line":80,"column":9}},"loc":{"start":{"line":80,"column":22},"end":{"line":82,"column":1}},"line":80},"11":{"name":"(anonymous_11)","decl":{"start":{"line":85,"column":19},"end":{"line":85,"column":20}},"loc":{"start":{"line":85,"column":25},"end":{"line":87,"column":3}},"line":85}},"branchMap":{"0":{"loc":{"start":{"line":30,"column":2},"end":{"line":32,"column":3}},"type":"if","locations":[{"start":{"line":30,"column":2},"end":{"line":32,"column":3}},{"start":{},"end":{}}],"line":30},"1":{"loc":{"start":{"line":39,"column":2},"end":{"line":41,"column":3}},"type":"if","locations":[{"start":{"line":39,"column":2},"end":{"line":41,"column":3}},{"start":{},"end":{}}],"line":39},"2":{"loc":{"start":{"line":39,"column":6},"end":{"line":39,"column":21}},"type":"binary-expr","locations":[{"start":{"line":39,"column":6},"end":{"line":39,"column":11}},{"start":{"line":39,"column":15},"end":{"line":39,"column":21}}],"line":39},"3":{"loc":{"start":{"line":57,"column":2},"end":{"line":60,"column":3}},"type":"if","locations":[{"start":{"line":57,"column":2},"end":{"line":60,"column":3}},{"start":{},"end":{}}],"line":57},"4":{"loc":{"start":{"line":67,"column":2},"end":{"line":69,"column":3}},"type":"if","locations":[{"start":{"line":67,"column":2},"end":{"line":69,"column":3}},{"start":{},"end":{}}],"line":67},"5":{"loc":{"start":{"line":84,"column":0},"end":{"line":88,"column":1}},"type":"if","locations":[{"start":{"line":84,"column":0},"end":{"line":88,"column":1}},{"start":{},"end":{}}],"line":84}},"s":{"0":1,"1":1,"2":1,"3":1,"4":1,"5":1,"6":1,"7":1,"8":1,"9":1,"10":1,"11":2,"12":3,"13":2,"14":1,"15":1,"16":1,"17":2,"18":2,"19":1,"20":1,"21":1,"22":1,"23":1,"24":3,"25":3,"26":2,"27":4,"28":2,"29":1,"30":1,"31":2,"32":3,"33":2,"34":1,"35":1,"36":1,"37":0,"38":0,"39":1,"40":1,"41":1,"42":0,"43":0,"44":1},"f":{"0":1,"1":1,"2":2,"3":3,"4":2,"5":3,"6":4,"7":2,"8":3,"9":0,"10":1,"11":0},"b":{"0":[1,1],"1":[1,1],"2":[2,2],"3":[2,1],"4":[1,1],"5":[0,1]},"_coverageSchema":"1a1c01bbd47fc00a2c39e90264f33305004495a9","hash":"ee7a51947996ac1643e96b6d3d89356ad3c9033d"}
,"/home/abdullah/automated-testing-pipeline/utils/helpers.js": {"path":"/home/abdullah/automated-testing-pipeline/utils/helpers.js","statementMap":{"0":{"start":{"line":2,"column":22},"end":{"line":5,"column":1}},"1":{"start":{"line":3,"column":21},"end":{"line":3,"column":49}},"2":{"start":{"line":4,"column":2},"end":{"line":4,"column":32}},"3":{"start":{"line":7,"column":23},"end":{"line":18,"column":1}},"4":{"start":{"line":8,"column":2},"end":{"line":10,"column":3}},"5":{"start":{"line":9,"column":4},"end":{"line":9,"column":46}},"6":{"start":{"line":12,"column":2},"end":{"line":17,"column":8}},"7":{"start":{"line":13,"column":4},"end":{"line":15,"column":5}},"8":{"start":{"line":14,"column":6},"end":{"line":14,"column":39}},"9":{"start":{"line":16,"column":4},"end":{"line":16,"column":30}},"10":{"start":{"line":20,"column":0},"end":{"line":20,"column":51}}},"fnMap":{"0":{"name":"(anonymous_0)","decl":{"start":{"line":2,"column":22},"end":{"line":2,"column":23}},"loc":{"start":{"line":2,"column":33},"end":{"line":5,"column":1}},"line":2},"1":{"name":"(anonymous_1)","decl":{"start":{"line":7,"column":23},"end":{"line":7,"column":24}},"loc":{"start":{"line":7,"column":34},"end":{"line":18,"column":1}},"line":7},"2":{"name":"(anonymous_2)","decl":{"start":{"line":12,"column":22},"end":{"line":12,"column":23}},"loc":{"start":{"line":12,"column":39},"end":{"line":17,"column":3}},"line":12}},"branchMap":{"0":{"loc":{"start":{"line":8,"column":2},"end":{"line":10,"column":3}},"type":"if","locations":[{"start":{"line":8,"column":2},"end":{"line":10,"column":3}},{"start":{},"end":{}}],"line":8},"1":{"loc":{"start":{"line":13,"column":4},"end":{"line":15,"column":5}},"type":"if","locations":[{"start":{"line":13,"column":4},"end":{"line":15,"column":5}},{"start":{},"end":{}}],"line":13},"2":{"loc":{"start":{"line":13,"column":8},"end":{"line":13,"column":56}},"type":"binary-expr","locations":[{"start":{"line":13,"column":8},"end":{"line":13,"column":38}},{"start":{"line":13,"column":42},"end":{"line":13,"column":56}}],"line":13}},"s":{"0":1,"1":7,"2":7,"3":1,"4":6,"5":1,"6":5,"7":8,"8":1,"9":7,"10":1},"f":{"0":7,"1":6,"2":8},"b":{"0":[1,5],"1":[1,7],"2":[8,8]},"_coverageSchema":"1a1c01bbd47fc00a2c39e90264f33305004495a9","hash":"ae41aba47c0c088c58d353a13a389f5f24599054"}
}
