TN:
SF:app.js
FN:19,(anonymous_0)
FN:24,(anonymous_1)
FN:28,(anonymous_2)
FN:29,(anonymous_3)
FN:36,(anonymous_4)
FN:54,(anonymous_5)
FN:58,(anonymous_6)
FN:65,(anonymous_7)
FN:66,(anonymous_8)
FN:74,(anonymous_9)
FN:80,(anonymous_10)
FN:85,(anonymous_11)
FNF:12
FNH:10
FNDA:1,(anonymous_0)
FNDA:1,(anonymous_1)
FNDA:2,(anonymous_2)
FNDA:3,(anonymous_3)
FNDA:2,(anonymous_4)
FNDA:3,(anonymous_5)
FNDA:4,(anonymous_6)
FNDA:2,(anonymous_7)
FNDA:3,(anonymous_8)
FNDA:0,(anonymous_9)
FNDA:1,(anonymous_10)
FNDA:0,(anonymous_11)
DA:1,1
DA:2,1
DA:3,1
DA:5,1
DA:8,1
DA:13,1
DA:19,1
DA:20,1
DA:24,1
DA:25,1
DA:28,1
DA:29,3
DA:30,2
DA:31,1
DA:33,1
DA:36,1
DA:37,2
DA:39,2
DA:40,1
DA:43,1
DA:49,1
DA:50,1
DA:54,1
DA:55,3
DA:57,3
DA:58,4
DA:59,2
DA:62,1
DA:65,1
DA:66,3
DA:67,2
DA:68,1
DA:70,1
DA:74,1
DA:75,0
DA:76,0
DA:80,1
DA:81,1
DA:84,1
DA:85,0
DA:86,0
DA:90,1
LF:42
LH:38
BRDA:30,0,0,1
BRDA:30,0,1,1
BRDA:39,1,0,1
BRDA:39,1,1,1
BRDA:39,2,0,2
BRDA:39,2,1,2
BRDA:57,3,0,2
BRDA:57,3,1,1
BRDA:67,4,0,1
BRDA:67,4,1,1
BRDA:84,5,0,0
BRDA:84,5,1,1
BRF:12
BRH:11
end_of_record
TN:
SF:utils/helpers.js
FN:2,(anonymous_0)
FN:7,(anonymous_1)
FN:12,(anonymous_2)
FNF:3
FNH:3
FNDA:7,(anonymous_0)
FNDA:6,(anonymous_1)
FNDA:8,(anonymous_2)
DA:2,1
DA:3,7
DA:4,7
DA:7,1
DA:8,6
DA:9,1
DA:12,5
DA:13,8
DA:14,1
DA:16,7
DA:20,1
LF:11
LH:11
BRDA:8,0,0,1
BRDA:8,0,1,5
BRDA:13,1,0,1
BRDA:13,1,1,7
BRDA:13,2,0,8
BRDA:13,2,1,8
BRF:6
BRH:6
end_of_record
